Crossref Journal of Cutaneous and Aesthetic Surgery 0974-5157 dermal filler aesthetic: HTTP Error 429: Too Many Requests
Crossref Journal of Cutaneous and Aesthetic Surgery 0974-2077 hyaluronic acid filler complication: HTTP Error 429: Too Many Requests
Crossref Journal of Cutaneous and Aesthetic Surgery 0974-5157 hyaluronic acid filler complication: HTTP Error 429: Too Many Requests
Crossref Journal of Cutaneous and Aesthetic Surgery 0974-2077 vascular occlusion filler: HTTP Error 429: Too Many Requests
Crossref Journal of Cutaneous and Aesthetic Surgery 0974-5157 vascular occlusion filler: HTTP Error 429: Too Many Requests
Crossref Journal of Cutaneous and Aesthetic Surgery 0974-2077 calcium hydroxylapatite filler: HTTP Error 429: Too Many Requests
Crossref Journal of Cutaneous and Aesthetic Surgery 0974-5157 calcium hydroxylapatite filler: HTTP Error 429: Too Many Requests
Crossref Journal of Cutaneous and Aesthetic Surgery 0974-5157 poly-L-lactic acid filler: HTTP Error 429: Too Many Requests
Crossref Journal of Cutaneous and Aesthetic Surgery 0974-2077 picosecond laser aesthetic: HTTP Error 429: Too Many Requests
Crossref Journal of Cutaneous and Aesthetic Surgery 0974-5157 picosecond laser aesthetic: HTTP Error 429: Too Many Requests
Crossref Journal of Cutaneous and Aesthetic Surgery 0974-5157 radiofrequency microneedling aesthetic: HTTP Error 429: Too Many Requests
Crossref Journal of Cutaneous and Aesthetic Surgery 0974-2077 microfocused ultrasound skin laxity: HTTP Error 429: Too Many Requests
Crossref Journal of Cutaneous and Aesthetic Surgery 0974-5157 microfocused ultrasound skin laxity: HTTP Error 429: Too Many Requests
Crossref Journal of Cutaneous and Aesthetic Surgery 0974-2077 HIFU facial rejuvenation: HTTP Error 429: Too Many Requests
Crossref Journal of Cutaneous and Aesthetic Surgery 0974-2077 body contouring aesthetic: HTTP Error 429: Too Many Requests
Crossref Journal of Cutaneous and Aesthetic Surgery 0974-2077 submental fat deoxycholic acid: HTTP Error 429: Too Many Requests
Crossref Journal of Cutaneous and Aesthetic Surgery 0974-2077 post weight loss body contouring: HTTP Error 429: Too Many Requests
Crossref Journal of Cutaneous and Aesthetic Surgery 0974-5157 post weight loss body contouring: HTTP Error 429: Too Many Requests
Crossref Journal of Cutaneous and Aesthetic Surgery 0974-2077 chemical peel photoaging: HTTP Error 429: Too Many Requests
Crossref Journal of Cutaneous and Aesthetic Surgery 0974-5157 melasma aesthetic treatment: HTTP Error 429: Too Many Requests
Crossref Journal of Cutaneous and Aesthetic Surgery 0974-5157 tirzepatide body contouring: HTTP Error 500: Server Error
Crossref Journal of Cutaneous and Aesthetic Surgery 0974-2077 aesthetic complication management: HTTP Error 429: Too Many Requests
Crossref Journal of Cutaneous and Aesthetic Surgery 0974-2077 skin of color aesthetic procedure: HTTP Error 429: Too Many Requests
Crossref Cosmetics 2079-9284 combination aesthetic treatment: HTTP Error 429: Too Many Requests
Crossref Cosmetics 2079-9284 informed consent aesthetic practice: HTTP Error 500: Server Error
Crossref Journal of Aesthetic Nursing 2052-2886 multimodal facial rejuvenation: HTTP Error 500: Server Error
Crossref Journal of Aesthetic Nursing 2052-2878 aesthetic complication management: HTTP Error 500: Server Error
Crossref Facial Plastic Surgery 0736-6825 botulinum toxin filler combination: HTTP Error 500: Server Error
Crossref Facial Plastic Surgery 1098-8793 platelet rich plasma facial rejuvenation: HTTP Error 500: Server Error
Crossref Facial Plastic Surgery & Aesthetic Medicine 2689-3614 combination aesthetic treatment: HTTP Error 500: Server Error
Crossref Facial Plastic Surgery & Aesthetic Medicine 2689-3622 multimodal facial rejuvenation: HTTP Error 500: Server Error
Crossref Facial Plastic Surgery & Aesthetic Medicine 2689-3614 neuromodulator facial aesthetics: HTTP Error 500: Server Error
Crossref Facial Plastic Surgery & Aesthetic Medicine 2689-3614 skin of color aesthetic procedure: HTTP Error 500: Server Error
Crossref Journal of Cosmetic Science 1525-7886 combination aesthetic treatment: HTTP Error 404: Not Found
Crossref Journal of Cosmetic Science 1530-7393 combination aesthetic treatment: HTTP Error 404: Not Found
Crossref Journal of Cosmetic Science 1525-7886 multimodal facial rejuvenation: HTTP Error 404: Not Found
Crossref Journal of Cosmetic Science 1530-7393 multimodal facial rejuvenation: HTTP Error 404: Not Found
Crossref Journal of Cosmetic Science 1525-7886 botulinum toxin filler combination: HTTP Error 404: Not Found
Crossref Journal of Cosmetic Science 1530-7393 botulinum toxin filler combination: HTTP Error 404: Not Found
Crossref Journal of Cosmetic Science 1525-7886 laser filler combination: HTTP Error 404: Not Found
Crossref Journal of Cosmetic Science 1530-7393 laser filler combination: HTTP Error 404: Not Found
Crossref Journal of Cosmetic Science 1525-7886 botulinum toxin aesthetic: HTTP Error 404: Not Found
Crossref Journal of Cosmetic Science 1530-7393 botulinum toxin aesthetic: HTTP Error 404: Not Found
Crossref Journal of Cosmetic Science 1525-7886 glabellar lines botulinum: HTTP Error 404: Not Found
Crossref Journal of Cosmetic Science 1530-7393 glabellar lines botulinum: HTTP Error 404: Not Found
Crossref Journal of Cosmetic Science 1525-7886 masseter botulinum toxin: HTTP Error 404: Not Found
Crossref Journal of Cosmetic Science 1530-7393 masseter botulinum toxin: HTTP Error 404: Not Found
Crossref Journal of Cosmetic Science 1525-7886 neuromodulator facial aesthetics: HTTP Error 404: Not Found
Crossref Journal of Cosmetic Science 1530-7393 neuromodulator facial aesthetics: HTTP Error 404: Not Found
Crossref Journal of Cosmetic Science 1525-7886 dermal filler aesthetic: HTTP Error 404: Not Found
Crossref Journal of Cosmetic Science 1530-7393 dermal filler aesthetic: HTTP Error 404: Not Found
Crossref Journal of Cosmetic Science 1525-7886 hyaluronic acid filler complication: HTTP Error 404: Not Found
Crossref Journal of Cosmetic Science 1530-7393 hyaluronic acid filler complication: HTTP Error 404: Not Found
Crossref Journal of Cosmetic Science 1525-7886 vascular occlusion filler: HTTP Error 404: Not Found
Crossref Journal of Cosmetic Science 1530-7393 vascular occlusion filler: HTTP Error 404: Not Found
Crossref Journal of Cosmetic Science 1525-7886 calcium hydroxylapatite filler: HTTP Error 404: Not Found
Crossref Journal of Cosmetic Science 1530-7393 calcium hydroxylapatite filler: HTTP Error 404: Not Found
Crossref Journal of Cosmetic Science 1525-7886 poly-L-lactic acid filler: HTTP Error 404: Not Found
Crossref Journal of Cosmetic Science 1530-7393 poly-L-lactic acid filler: HTTP Error 404: Not Found
Crossref Journal of Cosmetic Science 1525-7886 laser skin rejuvenation: HTTP Error 404: Not Found
Crossref Journal of Cosmetic Science 1530-7393 laser skin rejuvenation: HTTP Error 404: Not Found
Crossref Journal of Cosmetic Science 1525-7886 laser resurfacing aesthetic: HTTP Error 404: Not Found
Crossref Journal of Cosmetic Science 1530-7393 laser resurfacing aesthetic: HTTP Error 404: Not Found
Crossref Journal of Cosmetic Science 1525-7886 picosecond laser aesthetic: HTTP Error 404: Not Found
Crossref Journal of Cosmetic Science 1530-7393 picosecond laser aesthetic: HTTP Error 404: Not Found
Crossref Journal of Cosmetic Science 1525-7886 laser hair removal: HTTP Error 404: Not Found
Crossref Journal of Cosmetic Science 1530-7393 laser hair removal: HTTP Error 404: Not Found
Crossref Journal of Cosmetic Science 1525-7886 radiofrequency microneedling aesthetic: HTTP Error 404: Not Found
Crossref Journal of Cosmetic Science 1530-7393 radiofrequency microneedling aesthetic: HTTP Error 404: Not Found
Crossref Journal of Cosmetic Science 1525-7886 microfocused ultrasound skin laxity: HTTP Error 404: Not Found
Crossref Journal of Cosmetic Science 1530-7393 microfocused ultrasound skin laxity: HTTP Error 404: Not Found
Crossref Journal of Cosmetic Science 1525-7886 HIFU facial rejuvenation: HTTP Error 404: Not Found
Crossref Journal of Cosmetic Science 1530-7393 HIFU facial rejuvenation: HTTP Error 404: Not Found
Crossref Journal of Cosmetic Science 1525-7886 body contouring aesthetic: HTTP Error 404: Not Found
Crossref Journal of Cosmetic Science 1530-7393 body contouring aesthetic: HTTP Error 404: Not Found
Crossref Journal of Cosmetic Science 1525-7886 cryolipolysis paradoxical adipose: HTTP Error 404: Not Found
Crossref Journal of Cosmetic Science 1530-7393 cryolipolysis paradoxical adipose: HTTP Error 404: Not Found
Crossref Journal of Cosmetic Science 1525-7886 submental fat deoxycholic acid: HTTP Error 404: Not Found
Crossref Journal of Cosmetic Science 1530-7393 submental fat deoxycholic acid: HTTP Error 404: Not Found
Crossref Journal of Cosmetic Science 1525-7886 post weight loss body contouring: HTTP Error 404: Not Found
Crossref Journal of Cosmetic Science 1530-7393 post weight loss body contouring: HTTP Error 404: Not Found
Crossref Journal of Cosmetic Science 1525-7886 chemical peel photoaging: HTTP Error 500: Server Error
Crossref Journal of Cosmetic Science 1530-7393 chemical peel photoaging: HTTP Error 404: Not Found
Crossref Journal of Cosmetic Science 1525-7886 melasma aesthetic treatment: HTTP Error 404: Not Found
Crossref Journal of Cosmetic Science 1530-7393 melasma aesthetic treatment: HTTP Error 404: Not Found
Crossref Journal of Cosmetic Science 1525-7886 cosmeceutical photoaging: HTTP Error 404: Not Found
Crossref Journal of Cosmetic Science 1530-7393 cosmeceutical photoaging: HTTP Error 404: Not Found
Crossref Journal of Cosmetic Science 1525-7886 skin booster aesthetic: HTTP Error 404: Not Found
Crossref Journal of Cosmetic Science 1530-7393 skin booster aesthetic: HTTP Error 404: Not Found
Crossref Journal of Cosmetic Science 1525-7886 platelet rich plasma facial rejuvenation: HTTP Error 404: Not Found
Crossref Journal of Cosmetic Science 1530-7393 platelet rich plasma facial rejuvenation: HTTP Error 404: Not Found
Crossref Journal of Cosmetic Science 1525-7886 exosome skin rejuvenation: HTTP Error 404: Not Found
Crossref Journal of Cosmetic Science 1530-7393 exosome skin rejuvenation: HTTP Error 404: Not Found
Crossref Journal of Cosmetic Science 1525-7886 polynucleotide aesthetic: HTTP Error 404: Not Found
Crossref Journal of Cosmetic Science 1530-7393 polynucleotide aesthetic: HTTP Error 404: Not Found
Crossref Journal of Cosmetic Science 1525-7886 semaglutide aesthetic surgery: HTTP Error 404: Not Found
Crossref Journal of Cosmetic Science 1530-7393 semaglutide aesthetic surgery: HTTP Error 404: Not Found
Crossref Journal of Cosmetic Science 1525-7886 tirzepatide body contouring: HTTP Error 404: Not Found
Crossref Journal of Cosmetic Science 1530-7393 tirzepatide body contouring: HTTP Error 404: Not Found
Crossref Journal of Cosmetic Science 1525-7886 GLP-1 facial volume loss: HTTP Error 404: Not Found
Crossref Journal of Cosmetic Science 1530-7393 GLP-1 facial volume loss: HTTP Error 404: Not Found
Crossref Journal of Cosmetic Science 1525-7886 informed consent aesthetic practice: HTTP Error 404: Not Found
Crossref Journal of Cosmetic Science 1530-7393 informed consent aesthetic practice: HTTP Error 404: Not Found
Crossref Journal of Cosmetic Science 1525-7886 aesthetic complication management: HTTP Error 404: Not Found
Crossref Journal of Cosmetic Science 1530-7393 aesthetic complication management: HTTP Error 404: Not Found
Crossref Journal of Cosmetic Science 1525-7886 skin of color aesthetic procedure: HTTP Error 404: Not Found
Crossref Journal of Cosmetic Science 1530-7393 skin of color aesthetic procedure: HTTP Error 404: Not Found
Crossref Plastic and Aesthetic Research 2347-9264 masseter botulinum toxin: HTTP Error 500: Server Error